.build/integration_test/intermediates/manifest_merge_blame_file/release/manifest-merger-blame-release-report.txt
1<?xml version="1.0" encoding="utf-8"?>
2<!--
3 Copyright 2014 The Flutter Authors. All rights reserved.
4Use of this source code is governed by a BSD-style license that can be
5found in the LICENSE file.
6-->
7<manifest xmlns:android="http://schemas.android.com/apk/res/android"
8    package="dev.flutter.integration_test" >
9
10    <uses-sdk android:minSdkVersion="16" />
10-->src/main/AndroidManifest.xml
11
12</manifest>